Assuming unrestricted shared filesystem usage.
None
host: MSI
Building DAG of jobs...
Your conda installation is not configured to use strict channel priorities. This is however important for having robust and correct environments (for details, see https://conda-forge.org/docs/user/tipsandtricks.html). Please consider to configure strict priorities by executing 'conda config --set channel_priority strict'.
Creating conda environment envs\data_processing.yaml...
Downloading and installing remote packages.
CreateCondaEnvironmentException:
Could not create conda environment from C:\Users\Mats\OneDrive - University of Cambridge\Desktop\Serious\Thesis\mphil_diss_cp30\rules\../envs/data_processing.yaml:
Command:
conda env create --quiet --no-default-packages --file "C:\Users\Mats\OneDrive - University of Cambridge\Desktop\Serious\Thesis\mphil_diss_cp30\.snakemake\conda\569da87f26c79fede6e91f1a61df20d5_.yaml" --prefix "C:\Users\Mats\OneDrive - University of Cambridge\Desktop\Serious\Thesis\mphil_diss_cp30\.snakemake\conda\569da87f26c79fede6e91f1a61df20d5_"
Output:
WARNING: A space was detected in your requested environment path:
'C:\Users\Mats\OneDrive - University of Cambridge\Desktop\Serious\Thesis\mphil_diss_cp30\.snakemake\conda\569da87f26c79fede6e91f1a61df20d5_'
Spaces in paths can sometimes be problematic. To minimize issues,
make sure you activate your environment before running any executables!

Channels:
 - conda-forge
Platform: win-64
Collecting package metadata (repodata.json): ...working... done
Solving environment: ...working... done
Preparing transaction: ...working... done
Verifying transaction: ...working... done
Executing transaction: ...working... done
ERROR conda.core.link:_execute(938): An error occurred while installing package 'conda-forge::setuptools-80.9.0-pyhff2d567_0'.
Rolling back transaction: ...working... done

[WinError 206] The filename or extension is too long: 'C:\\Users\\Mats\\OneDrive - University of Cambridge\\Desktop\\Serious\\Thesis\\mphil_diss_cp30\\.snakemake\\conda\\569da87f26c79fede6e91f1a61df20d5_\\Lib\\site-packages\\pkg_resources\\tests\\data\\my-test-package_unpacked-egg\\my_test_package-1.0-py3.7.egg\\EGG-INFO'
()


